{"name": "test_create_books_bulk_empty", "status": "skipped", "statusDetails": {"message": "XFAIL API allows empty bulk payload, validation is missing\n\nAssertionError", "trace": "self = <test_books.TestBooksNegative object at 0x7fa15875c7c0>\n\n    @pytest.mark.regression\n    @pytest.mark.xfail(\n        reason=\"API allows empty bulk payload, validation is missing\"\n    )  # тест провален, ошибка в API - при пустом списке код 201\n    def test_create_books_bulk_empty(self):\n>       self.api_books.create_books_bulk_empty()\n\ntests/tests/test_books.py:72: \n_ _ _ _ _ _ _ _ _ _ _ _ _ _ _ _ _ _ _ _ _ _ _ _ _ _ _ _ _ _ _ _ _ _ _ _ _ _ _ _ \n\nself = <tests.services.books.api_books.BooksAPI object at 0x7fa158585960>\n\n    @allure.step(\"Create books in bulk with empty list - expect 422\")\n    def create_books_bulk_empty(self):\n        response = requests.post(\n            url=self.endpoint.create_books_bulk,\n            headers=self.headers.basic,\n            json=[],\n        )\n    \n>       assert response.status_code == 422\nE       AssertionError\n\ntests/services/books/api_books.py:183: AssertionError"}, "steps": [{"name": "Create books in bulk with empty list - expect 422", "status": "failed", "statusDetails": {"message": "AssertionError\n", "trace": "  File \"/usr/local/lib/python3.10/site-packages/allure_commons/_allure.py\", line 202, in impl\n    return func(*a, **kw)\n  File \"/usr/workspace/tests/services/books/api_books.py\", line 183, in create_books_bulk_empty\n    assert response.status_code == 422\n"}, "start": 1766063198101, "stop": 1766063198105}], "start": 1766063198101, "stop": 1766063198110, "uuid": "c2b85eb8-7a63-488b-86ca-7a94a302ad05", "historyId": "2e9d0a542143604f58a475df0211d1fc", "testCaseId": "2e9d0a542143604f58a475df0211d1fc", "fullName": "tests.tests.test_books.TestBooksNegative#test_create_books_bulk_empty", "labels": [{"name": "feature", "value": "Book - negative"}, {"name": "epic", "value": "Books"}, {"name": "tag", "value": "regression"}, {"name": "tag", "value": "negative"}, {"name": "parentSuite", "value": "tests.tests"}, {"name": "suite", "value": "test_books"}, {"name": "subSuite", "value": "TestBooksNegative"}, {"name": "host", "value": "2ef6354d3cf4"}, {"name": "thread", "value": "1-MainThread"}, {"name": "framework", "value": "pytest"}, {"name": "language", "value": "cpython3"}, {"name": "package", "value": "tests.tests.test_books"}], "titlePath": ["tests", "tests", "test_books.py", "TestBooksNegative"]}