{"uid":"3434c402e885e439","name":"test_create_books_bulk_empty","fullName":"tests.tests.test_books.TestBooksNegative#test_create_books_bulk_empty","historyId":"2e9d0a542143604f58a475df0211d1fc","time":{"start":1766063709629,"stop":1766063709632,"duration":3},"status":"skipped","statusMessage":"XFAIL API allows empty bulk payload, validation is missing\n\nAssertionError","statusTrace":"self = <test_books.TestBooksNegative object at 0x7f11ed7e0e80>\n\n    @pytest.mark.regression\n    @pytest.mark.xfail(\n        reason=\"API allows empty bulk payload, validation is missing\"\n    )  # тест провален, ошибка в API - при пустом списке код 201\n    def test_create_books_bulk_empty(self):\n>       self.api_books.create_books_bulk_empty()\n\ntests/tests/test_books.py:72: \n_ _ _ _ _ _ _ _ _ _ _ _ _ _ _ _ _ _ _ _ _ _ _ _ _ _ _ _ _ _ _ _ _ _ _ _ _ _ _ _ \n\nself = <tests.services.books.api_books.BooksAPI object at 0x7f11ed839b70>\n\n    @allure.step(\"Create books in bulk with empty list - expect 422\")\n    def create_books_bulk_empty(self):\n        response = requests.post(\n            url=self.endpoint.create_books_bulk,\n            headers=self.headers.basic,\n            json=[],\n        )\n    \n>       assert response.status_code == 422\nE       AssertionError\n\ntests/services/books/api_books.py:183: AssertionError","flaky":false,"newFailed":false,"newBroken":false,"newPassed":false,"retriesCount":2,"retriesStatusChange":false,"beforeStages":[{"name":"_session_faker","time":{"start":1766063709476,"stop":1766063709478,"duration":2},"status":"passed","steps":[],"attachments":[],"parameters":[],"shouldDisplayMessage":false,"attachmentsCount":0,"hasContent":false,"stepsCount":0},{"name":"_xunit_setup_method_fixture_TestBooksNegative","time":{"start":1766063709629,"stop":1766063709629,"duration":0},"status":"passed","steps":[],"attachments":[],"parameters":[],"shouldDisplayMessage":false,"attachmentsCount":0,"hasContent":false,"stepsCount":0}],"testStage":{"status":"skipped","statusMessage":"XFAIL API allows empty bulk payload, validation is missing\n\nAssertionError","statusTrace":"self = <test_books.TestBooksNegative object at 0x7f11ed7e0e80>\n\n    @pytest.mark.regression\n    @pytest.mark.xfail(\n        reason=\"API allows empty bulk payload, validation is missing\"\n    )  # тест провален, ошибка в API - при пустом списке код 201\n    def test_create_books_bulk_empty(self):\n>       self.api_books.create_books_bulk_empty()\n\ntests/tests/test_books.py:72: \n_ _ _ _ _ _ _ _ _ _ _ _ _ _ _ _ _ _ _ _ _ _ _ _ _ _ _ _ _ _ _ _ _ _ _ _ _ _ _ _ \n\nself = <tests.services.books.api_books.BooksAPI object at 0x7f11ed839b70>\n\n    @allure.step(\"Create books in bulk with empty list - expect 422\")\n    def create_books_bulk_empty(self):\n        response = requests.post(\n            url=self.endpoint.create_books_bulk,\n            headers=self.headers.basic,\n            json=[],\n        )\n    \n>       assert response.status_code == 422\nE       AssertionError\n\ntests/services/books/api_books.py:183: AssertionError","steps":[{"name":"Create books in bulk with empty list - expect 422","time":{"start":1766063709630,"stop":1766063709632,"duration":2},"status":"failed","statusMessage":"AssertionError\n","statusTrace":"  File \"/usr/local/lib/python3.10/site-packages/allure_commons/_allure.py\", line 202, in impl\n    return func(*a, **kw)\n  File \"/usr/workspace/tests/services/books/api_books.py\", line 183, in create_books_bulk_empty\n    assert response.status_code == 422\n","steps":[],"attachments":[],"parameters":[],"shouldDisplayMessage":true,"attachmentsCount":0,"hasContent":true,"stepsCount":0}],"attachments":[],"parameters":[],"shouldDisplayMessage":true,"attachmentsCount":0,"hasContent":true,"stepsCount":1},"afterStages":[{"name":"_xunit_setup_method_fixture_TestBooksNegative::0","time":{"start":1766063709682,"stop":1766063709682,"duration":0},"status":"passed","steps":[],"attachments":[],"parameters":[],"shouldDisplayMessage":false,"attachmentsCount":0,"hasContent":false,"stepsCount":0}],"labels":[{"name":"epic","value":"Books"},{"name":"feature","value":"Book - negative"},{"name":"tag","value":"regression"},{"name":"tag","value":"negative"},{"name":"parentSuite","value":"tests.tests"},{"name":"suite","value":"test_books"},{"name":"subSuite","value":"TestBooksNegative"},{"name":"host","value":"fba7f43a255a"},{"name":"thread","value":"1-MainThread"},{"name":"framework","value":"pytest"},{"name":"language","value":"cpython3"},{"name":"package","value":"tests.tests.test_books"},{"name":"resultFormat","value":"allure2"}],"parameters":[],"links":[],"hidden":false,"retry":false,"extra":{"severity":"normal","retries":[{"uid":"cee15569bacb3a49","status":"skipped","statusDetails":"XFAIL API allows empty bulk payload, validation is missing\n\nAssertionError","time":{"start":1766063198101,"stop":1766063198110,"duration":9}},{"uid":"3763d2f8284538bf","status":"skipped","statusDetails":"XFAIL API allows empty bulk payload, validation is missing\n\nAssertionError","time":{"start":1766063140750,"stop":1766063140759,"duration":9}}],"categories":[],"tags":["negative","regression"]},"source":"3434c402e885e439.json","parameterValues":[]}