{"uid":"ae538e2dcc18e9a2","name":"test_create_books_bulk_empty","fullName":"tests.tests.test_books.TestBooksNegative#test_create_books_bulk_empty","historyId":"2e9d0a542143604f58a475df0211d1fc","time":{"start":1766072807629,"stop":1766072807632,"duration":3},"status":"skipped","statusMessage":"XFAIL API allows empty bulk payload, validation is missing\n\nAssertionError","statusTrace":"self = <test_books.TestBooksNegative object at 0x7f3963a10eb0>\n\n    @pytest.mark.regression\n    @pytest.mark.xfail(\n        reason=\"API allows empty bulk payload, validation is missing\"\n    )  # тест провален, ошибка в API - при пустом списке код 201\n    def test_create_books_bulk_empty(self):\n>       self.api_books.create_books_bulk_empty()\n\ntests/tests/test_books.py:72: \n_ _ _ _ _ _ _ _ _ _ _ _ _ _ _ _ _ _ _ _ _ _ _ _ _ _ _ _ _ _ _ _ _ _ _ _ _ _ _ _ \n\nself = <tests.services.books.api_books.BooksAPI object at 0x7f3963a69b10>\n\n    @allure.step(\"Create books in bulk with empty list - expect 422\")\n    def create_books_bulk_empty(self):\n        response = requests.post(\n            url=self.endpoint.create_books_bulk,\n            headers=self.headers.basic,\n            json=[],\n        )\n    \n>       assert response.status_code == 422\nE       AssertionError\n\ntests/services/books/api_books.py:183: AssertionError","flaky":false,"newFailed":false,"newBroken":false,"newPassed":false,"retriesCount":0,"retriesStatusChange":false,"beforeStages":[{"name":"_session_faker","time":{"start":1766072807474,"stop":1766072807476,"duration":2},"status":"passed","steps":[],"attachments":[],"parameters":[],"shouldDisplayMessage":false,"attachmentsCount":0,"stepsCount":0,"hasContent":false},{"name":"_xunit_setup_method_fixture_TestBooksNegative","time":{"start":1766072807628,"stop":1766072807629,"duration":1},"status":"passed","steps":[],"attachments":[],"parameters":[],"shouldDisplayMessage":false,"attachmentsCount":0,"stepsCount":0,"hasContent":false}],"testStage":{"status":"skipped","statusMessage":"XFAIL API allows empty bulk payload, validation is missing\n\nAssertionError","statusTrace":"self = <test_books.TestBooksNegative object at 0x7f3963a10eb0>\n\n    @pytest.mark.regression\n    @pytest.mark.xfail(\n        reason=\"API allows empty bulk payload, validation is missing\"\n    )  # тест провален, ошибка в API - при пустом списке код 201\n    def test_create_books_bulk_empty(self):\n>       self.api_books.create_books_bulk_empty()\n\ntests/tests/test_books.py:72: \n_ _ _ _ _ _ _ _ _ _ _ _ _ _ _ _ _ _ _ _ _ _ _ _ _ _ _ _ _ _ _ _ _ _ _ _ _ _ _ _ \n\nself = <tests.services.books.api_books.BooksAPI object at 0x7f3963a69b10>\n\n    @allure.step(\"Create books in bulk with empty list - expect 422\")\n    def create_books_bulk_empty(self):\n        response = requests.post(\n            url=self.endpoint.create_books_bulk,\n            headers=self.headers.basic,\n            json=[],\n        )\n    \n>       assert response.status_code == 422\nE       AssertionError\n\ntests/services/books/api_books.py:183: AssertionError","steps":[{"name":"Create books in bulk with empty list - expect 422","time":{"start":1766072807629,"stop":1766072807631,"duration":2},"status":"failed","statusMessage":"AssertionError\n","statusTrace":"  File \"/usr/local/lib/python3.10/site-packages/allure_commons/_allure.py\", line 202, in impl\n    return func(*a, **kw)\n  File \"/usr/workspace/tests/services/books/api_books.py\", line 183, in create_books_bulk_empty\n    assert response.status_code == 422\n","steps":[],"attachments":[],"parameters":[],"shouldDisplayMessage":true,"attachmentsCount":0,"stepsCount":0,"hasContent":true}],"attachments":[],"parameters":[],"shouldDisplayMessage":true,"attachmentsCount":0,"stepsCount":1,"hasContent":true},"afterStages":[{"name":"_xunit_setup_method_fixture_TestBooksNegative::0","time":{"start":1766072807681,"stop":1766072807682,"duration":1},"status":"passed","steps":[],"attachments":[],"parameters":[],"shouldDisplayMessage":false,"attachmentsCount":0,"stepsCount":0,"hasContent":false}],"labels":[{"name":"feature","value":"Book - negative"},{"name":"epic","value":"Books"},{"name":"tag","value":"regression"},{"name":"tag","value":"negative"},{"name":"parentSuite","value":"tests.tests"},{"name":"suite","value":"test_books"},{"name":"subSuite","value":"TestBooksNegative"},{"name":"host","value":"89e202821ee7"},{"name":"thread","value":"1-MainThread"},{"name":"framework","value":"pytest"},{"name":"language","value":"cpython3"},{"name":"package","value":"tests.tests.test_books"},{"name":"resultFormat","value":"allure2"}],"parameters":[],"links":[],"hidden":false,"retry":false,"extra":{"severity":"normal","retries":[],"categories":[],"tags":["negative","regression"]},"source":"ae538e2dcc18e9a2.json","parameterValues":[]}