{"uid":"b5ce698aae546d19","name":"test_create_books_bulk_empty","fullName":"tests.tests.test_books.TestBooksNegative#test_create_books_bulk_empty","historyId":"2e9d0a542143604f58a475df0211d1fc","time":{"start":1766143536287,"stop":1766143536290,"duration":3},"status":"skipped","statusMessage":"XFAIL API allows empty bulk payload, validation is missing\n\nAssertionError","statusTrace":"self = <test_books.TestBooksNegative object at 0x7fe3e2ad5570>\n\n    @pytest.mark.regression\n    @pytest.mark.xfail(\n        reason=\"API allows empty bulk payload, validation is missing\"\n    )  # тест провален, ошибка в API - при пустом списке код 201\n    def test_create_books_bulk_empty(self):\n>       self.api_books.create_books_bulk_empty()\n\ntests/tests/test_books.py:72: \n_ _ _ _ _ _ _ _ _ _ _ _ _ _ _ _ _ _ _ _ _ _ _ _ _ _ _ _ _ _ _ _ _ _ _ _ _ _ _ _ \n\nself = <tests.services.books.api_books.BooksAPI object at 0x7fe3dfb51540>\n\n    @allure.step(\"Create books in bulk with empty list - expect 422\")\n    def create_books_bulk_empty(self):\n        response = requests.post(\n            url=self.endpoint.create_books_bulk,\n            headers=self.headers.basic,\n            json=[],\n        )\n    \n>       assert response.status_code == 422\nE       AssertionError\n\ntests/services/books/api_books.py:178: AssertionError","flaky":false,"newFailed":false,"newBroken":false,"newPassed":false,"retriesCount":0,"retriesStatusChange":false,"beforeStages":[{"name":"_session_faker","time":{"start":1766143536124,"stop":1766143536125,"duration":1},"status":"passed","steps":[],"attachments":[],"parameters":[],"shouldDisplayMessage":false,"attachmentsCount":0,"stepsCount":0,"hasContent":false},{"name":"_xunit_setup_method_fixture_TestBooksNegative","time":{"start":1766143536286,"stop":1766143536286,"duration":0},"status":"passed","steps":[],"attachments":[],"parameters":[],"shouldDisplayMessage":false,"attachmentsCount":0,"stepsCount":0,"hasContent":false}],"testStage":{"status":"skipped","statusMessage":"XFAIL API allows empty bulk payload, validation is missing\n\nAssertionError","statusTrace":"self = <test_books.TestBooksNegative object at 0x7fe3e2ad5570>\n\n    @pytest.mark.regression\n    @pytest.mark.xfail(\n        reason=\"API allows empty bulk payload, validation is missing\"\n    )  # тест провален, ошибка в API - при пустом списке код 201\n    def test_create_books_bulk_empty(self):\n>       self.api_books.create_books_bulk_empty()\n\ntests/tests/test_books.py:72: \n_ _ _ _ _ _ _ _ _ _ _ _ _ _ _ _ _ _ _ _ _ _ _ _ _ _ _ _ _ _ _ _ _ _ _ _ _ _ _ _ \n\nself = <tests.services.books.api_books.BooksAPI object at 0x7fe3dfb51540>\n\n    @allure.step(\"Create books in bulk with empty list - expect 422\")\n    def create_books_bulk_empty(self):\n        response = requests.post(\n            url=self.endpoint.create_books_bulk,\n            headers=self.headers.basic,\n            json=[],\n        )\n    \n>       assert response.status_code == 422\nE       AssertionError\n\ntests/services/books/api_books.py:178: AssertionError","steps":[{"name":"Create books in bulk with empty list - expect 422","time":{"start":1766143536287,"stop":1766143536289,"duration":2},"status":"failed","statusMessage":"AssertionError\n","statusTrace":"  File \"/usr/local/lib/python3.10/site-packages/allure_commons/_allure.py\", line 202, in impl\n    return func(*a, **kw)\n  File \"/usr/workspace/tests/services/books/api_books.py\", line 178, in create_books_bulk_empty\n    assert response.status_code == 422\n","steps":[],"attachments":[],"parameters":[],"shouldDisplayMessage":true,"attachmentsCount":0,"stepsCount":0,"hasContent":true}],"attachments":[],"parameters":[],"shouldDisplayMessage":true,"attachmentsCount":0,"stepsCount":1,"hasContent":true},"afterStages":[{"name":"_xunit_setup_method_fixture_TestBooksNegative::0","time":{"start":1766143536340,"stop":1766143536340,"duration":0},"status":"passed","steps":[],"attachments":[],"parameters":[],"shouldDisplayMessage":false,"attachmentsCount":0,"stepsCount":0,"hasContent":false}],"labels":[{"name":"epic","value":"Books"},{"name":"feature","value":"Book - negative"},{"name":"tag","value":"regression"},{"name":"tag","value":"negative"},{"name":"parentSuite","value":"tests.tests"},{"name":"suite","value":"test_books"},{"name":"subSuite","value":"TestBooksNegative"},{"name":"host","value":"9e8afcf3afd0"},{"name":"thread","value":"1-MainThread"},{"name":"framework","value":"pytest"},{"name":"language","value":"cpython3"},{"name":"package","value":"tests.tests.test_books"},{"name":"resultFormat","value":"allure2"}],"parameters":[],"links":[],"hidden":false,"retry":false,"extra":{"severity":"normal","retries":[],"categories":[],"history":{"statistic":{"failed":0,"broken":0,"skipped":5,"passed":0,"unknown":0,"total":5},"items":[{"uid":"7febc0c86c472059","status":"skipped","statusDetails":"XFAIL API allows empty bulk payload, validation is missing\n\nAssertionError","time":{"start":1766126232619,"stop":1766126232622,"duration":3}},{"uid":"a2f2ccc7f3ed991a","status":"skipped","statusDetails":"XFAIL API allows empty bulk payload, validation is missing\n\nAssertionError","time":{"start":1766076173889,"stop":1766076173892,"duration":3}},{"uid":"a95a93f2bc7c7d61","status":"skipped","statusDetails":"XFAIL API allows empty bulk payload, validation is missing\n\nAssertionError","time":{"start":1766074145862,"stop":1766074145865,"duration":3}},{"uid":"533f5ba4dd8642f9","status":"skipped","statusDetails":"XFAIL API allows empty bulk payload, validation is missing\n\nAssertionError","time":{"start":1766073197998,"stop":1766073198001,"duration":3}}]},"tags":["negative","regression"]},"source":"b5ce698aae546d19.json","parameterValues":[]}